2023-12-23 22:21:38 - Generare factura 21155
2023-12-23 22:21:39 - Status generare factura ok, mesaj  pentru comanda 21155
2023-12-23 22:21:41 - Status emitere email ok, mesaj  pentru comanda 21155
2023-12-23 22:21:47 - Generare factura 21155
2023-12-23 22:21:47 - Exista deja o factura pentru comanda 21155
2023-12-24 14:48:37 - Verificare incasare factura 21155
2023-12-24 14:48:37 - Status verificare incasare ok, mesaj  pentru comanda 21155
2023-12-27 16:26:19 - Generare factura 21157
2023-12-27 16:26:20 - Status generare factura ok, mesaj  pentru comanda 21157
2023-12-27 16:26:21 - Status emitere email ok, mesaj  pentru comanda 21157
2023-12-27 16:26:29 - Generare factura 21157
2023-12-27 16:26:29 - Exista deja o factura pentru comanda 21157
2023-12-28 14:50:41 - Verificare incasare factura 21157
2023-12-28 14:50:42 - Status verificare incasare ok, mesaj  pentru comanda 21157
2023-12-28 15:39:34 - Generare factura 21159
2023-12-28 15:39:35 - Status generare factura ok, mesaj  pentru comanda 21159
2023-12-28 15:39:38 - Status emitere email ok, mesaj  pentru comanda 21159
2023-12-28 15:39:38 - Generare factura 21159
2023-12-28 15:39:38 - Exista deja o factura pentru comanda 21159
2024-1-03 09:59:23 - Generare factura 21161
2024-1-03 09:59:24 - Status generare factura ok, mesaj  pentru comanda 21161
2024-1-03 09:59:26 - Status emitere email ok, mesaj  pentru comanda 21161
2024-1-03 09:59:32 - Generare factura 21161
2024-1-03 09:59:32 - Exista deja o factura pentru comanda 21161
2024-1-03 14:54:57 - Verificare incasare factura 21161
2024-1-03 14:54:57 - Status verificare incasare ok, mesaj  pentru comanda 21161
2024-1-07 06:59:27 - Generare factura 21165
2024-1-07 06:59:28 - Status generare factura ok, mesaj  pentru comanda 21165
2024-1-07 06:59:29 - Status emitere email ok, mesaj  pentru comanda 21165
2024-1-07 06:59:35 - Generare factura 21165
2024-1-07 06:59:35 - Exista deja o factura pentru comanda 21165
2024-1-07 14:57:24 - Verificare incasare factura 21165
2024-1-07 14:57:25 - Status verificare incasare ok, mesaj  pentru comanda 21165
2024-1-12 17:41:34 - Generare factura 21167
2024-1-12 17:41:35 - Status generare factura ok, mesaj  pentru comanda 21167
2024-1-12 17:41:37 - Status emitere email ok, mesaj  pentru comanda 21167
2024-1-12 17:41:37 - Generare factura 21167
2024-1-12 17:41:37 - Exista deja o factura pentru comanda 21167
2024-1-16 08:39:58 - Generare factura 21176
2024-1-16 08:39:59 - Status generare factura ok, mesaj  pentru comanda 21176
2024-1-16 08:40:00 - Status emitere email ok, mesaj  pentru comanda 21176
2024-1-16 08:40:01 - Generare factura 21176
2024-1-16 08:40:01 - Exista deja o factura pentru comanda 21176
2024-1-17 08:20:16 - Generare factura 21179
2024-1-17 08:20:17 - Status generare factura ok, mesaj  pentru comanda 21179
2024-1-17 08:20:19 - Status emitere email ok, mesaj  pentru comanda 21179
2024-1-17 08:20:19 - Generare factura 21179
2024-1-17 08:20:19 - Exista deja o factura pentru comanda 21179
2024-1-17 16:06:34 - Generare factura 21181
2024-1-17 16:06:35 - Status generare factura ok, mesaj  pentru comanda 21181
2024-1-17 16:06:37 - Status emitere email ok, mesaj  pentru comanda 21181
2024-1-17 16:06:43 - Generare factura 21181
2024-1-17 16:06:43 - Exista deja o factura pentru comanda 21181
2024-1-18 14:47:54 - Verificare incasare factura 21181
2024-1-18 14:47:54 - Status verificare incasare ok, mesaj  pentru comanda 21181
2024-1-19 20:18:38 - Generare factura 21183
2024-1-19 20:18:38 - Status generare factura ok, mesaj  pentru comanda 21183
2024-1-19 20:18:40 - Status emitere email ok, mesaj  pentru comanda 21183
2024-1-19 20:18:40 - Generare factura 21183
2024-1-19 20:18:40 - Exista deja o factura pentru comanda 21183
2024-1-20 10:17:19 - Generare factura 21187
2024-1-20 10:17:19 - Status generare factura ok, mesaj  pentru comanda 21187
2024-1-20 10:17:21 - Status emitere email ok, mesaj  pentru comanda 21187
2024-1-20 10:17:21 - Generare factura 21187
2024-1-20 10:17:21 - Exista deja o factura pentru comanda 21187
2024-1-21 14:02:18 - Generare factura 21190
2024-1-21 14:02:19 - Status generare factura ok, mesaj  pentru comanda 21190
2024-1-21 14:02:21 - Status emitere email ok, mesaj  pentru comanda 21190
2024-1-21 14:02:21 - Generare factura 21190
2024-1-21 14:02:21 - Exista deja o factura pentru comanda 21190
2024-1-23 08:49:03 - Generare factura 21192
2024-1-23 08:49:25 - Status generare factura ok, mesaj  pentru comanda 21192
2024-1-23 08:49:27 - Status emitere email ok, mesaj  pentru comanda 21192
2024-1-23 08:49:27 - Generare factura 21192
2024-1-23 08:49:27 - Exista deja o factura pentru comanda 21192
2024-1-23 11:15:28 - Generare factura 21195
2024-1-23 11:15:29 - Status generare factura ok, mesaj  pentru comanda 21195
2024-1-23 11:15:31 - Status emitere email ok, mesaj  pentru comanda 21195
2024-1-23 11:15:32 - Generare factura 21195
2024-1-23 11:15:32 - Exista deja o factura pentru comanda 21195
2024-1-23 22:10:22 - Generare factura 21197
2024-1-23 22:10:22 - Status generare factura ok, mesaj  pentru comanda 21197
2024-1-23 22:10:24 - Status emitere email ok, mesaj  pentru comanda 21197
2024-1-23 22:10:24 - Generare factura 21197
2024-1-23 22:10:24 - Exista deja o factura pentru comanda 21197
2024-1-24 13:34:42 - Generare factura 21199
2024-1-24 13:34:42 - Status generare factura ok, mesaj  pentru comanda 21199
2024-1-24 13:34:44 - Status emitere email ok, mesaj  pentru comanda 21199
2024-1-24 13:34:45 - Generare factura 21199
2024-1-24 13:34:45 - Exista deja o factura pentru comanda 21199
2024-1-26 14:52:16 - Generare factura 21205
2024-1-26 14:52:17 - Status generare factura ok, mesaj  pentru comanda 21205
2024-1-26 14:52:19 - Status emitere email ok, mesaj  pentru comanda 21205
2024-1-26 14:52:19 - Generare factura 21205
2024-1-26 14:52:19 - Exista deja o factura pentru comanda 21205
2024-1-27 10:52:41 - Generare factura 21207
2024-1-27 10:52:42 - Status generare factura ok, mesaj  pentru comanda 21207
2024-1-27 10:52:44 - Status emitere email ok, mesaj  pentru comanda 21207
2024-1-27 10:52:44 - Generare factura 21207
2024-1-27 10:52:44 - Exista deja o factura pentru comanda 21207
2024-1-27 12:31:38 - Generare factura 21209
2024-1-27 12:31:38 - Status generare factura ok, mesaj  pentru comanda 21209
2024-1-27 12:31:40 - Status emitere email ok, mesaj  pentru comanda 21209
2024-1-27 12:31:40 - Generare factura 21209
2024-1-27 12:31:40 - Exista deja o factura pentru comanda 21209
2024-1-28 11:56:00 - Generare factura 21213
2024-1-28 11:56:01 - Status generare factura ok, mesaj  pentru comanda 21213
2024-1-28 11:56:03 - Status emitere email ok, mesaj  pentru comanda 21213
2024-1-28 11:56:03 - Generare factura 21213
2024-1-28 11:56:03 - Exista deja o factura pentru comanda 21213
2024-1-28 14:42:56 - Generare factura 21215
2024-1-28 14:42:56 - Status generare factura ok, mesaj  pentru comanda 21215
2024-1-28 14:42:58 - Status emitere email ok, mesaj  pentru comanda 21215
2024-1-28 14:42:58 - Generare factura 21215
2024-1-28 14:42:58 - Exista deja o factura pentru comanda 21215
2024-1-28 19:06:04 - Generare factura 21217
2024-1-28 19:06:05 - Status generare factura ok, mesaj  pentru comanda 21217
2024-1-28 19:06:07 - Status emitere email ok, mesaj  pentru comanda 21217
2024-1-28 19:06:07 - Generare factura 21217
2024-1-28 19:06:07 - Exista deja o factura pentru comanda 21217
2024-1-29 11:03:54 - Generare factura 21221
2024-1-29 11:03:55 - Status generare factura ok, mesaj  pentru comanda 21221
2024-1-29 11:03:57 - Status emitere email ok, mesaj  pentru comanda 21221
2024-1-29 11:03:57 - Generare factura 21221
2024-1-29 11:03:57 - Exista deja o factura pentru comanda 21221
2024-1-29 12:13:46 - Generare factura 21225
2024-1-29 12:13:47 - Status generare factura ok, mesaj  pentru comanda 21225
2024-1-29 12:13:49 - Status emitere email ok, mesaj  pentru comanda 21225
2024-1-29 12:13:49 - Generare factura 21225
2024-1-29 12:13:49 - Exista deja o factura pentru comanda 21225
2024-1-29 17:17:53 - Generare factura 21227
2024-1-29 17:17:53 - Status generare factura ok, mesaj  pentru comanda 21227
2024-1-29 17:17:55 - Status emitere email ok, mesaj  pentru comanda 21227
2024-1-29 17:17:56 - Generare factura 21227
2024-1-29 17:17:56 - Exista deja o factura pentru comanda 21227
2024-1-29 19:02:52 - Generare factura 21229
2024-1-29 19:02:52 - Status generare factura ok, mesaj  pentru comanda 21229
2024-1-29 19:02:55 - Status emitere email ok, mesaj  pentru comanda 21229
2024-1-29 19:02:55 - Generare factura 21229
2024-1-29 19:02:55 - Exista deja o factura pentru comanda 21229
2024-1-30 10:48:40 - Generare factura 21232
2024-1-30 10:48:40 - Status generare factura ok, mesaj  pentru comanda 21232
2024-1-30 10:48:42 - Status emitere email ok, mesaj  pentru comanda 21232
2024-1-30 10:48:42 - Generare factura 21232
2024-1-30 10:48:42 - Exista deja o factura pentru comanda 21232
